<?xml version="1.0" encoding="UTF-8"?>
<!-- Generated by org.testng.reporters.JUnitXMLReporter -->
<testsuite hostname="LAPTOP-QUQM65KE" failures="1" tests="2" name="score" time="0.828" errors="0" timestamp="29 Apr 2021 15:54:23 GMT">
  <testcase classname="test.ScoreTest" name="test" time="0.007"/>
  <testcase classname="test.ScoreTest" name="test" time="0.01">
    <failure type="java.lang.NullPointerException" message="Cannot invoke &amp;quot;io.appium.java_client.AppiumDriver.findElementById(String)&amp;quot; because &amp;quot;this.driver&amp;quot; is null">
      <![CDATA[java.lang.NullPointerException: Cannot invoke "io.appium.java_client.AppiumDriver.findElementById(String)" because "this.driver" is null
	at pages.MainActivityPage.getStartedBttn(MainActivityPage.java:18)
	at test.ScoreTest.test(ScoreTest.java:29)
	at java.base/java.util.concurrent.ThreadPoolExecutor.runWorker(ThreadPoolExecutor.java:1130)
	at java.base/java.util.concurrent.ThreadPoolExecutor$Worker.run(ThreadPoolExecutor.java:630)
	at java.base/java.lang.Thread.run(Thread.java:831)
... Removed 10 stack frames]]>
    </failure>
  </testcase> <!-- test -->
</testsuite> <!-- score -->
