<?xml version="1.0" encoding="UTF-8"?>
<testng-results total="1" passed="1" failed="0" skipped="0">
  <reporter-output>
  </reporter-output>
  <suite started-at="2021-04-30T03:19:19Z" name="Default suite" finished-at="2021-04-30T03:20:52Z" duration-ms="92778">
    <groups>
    </groups>
    <test started-at="2021-04-30T03:19:19Z" name="Default test" finished-at="2021-04-30T03:20:52Z" duration-ms="92778">
      <class name="test.ScoreTest">
        <test-method is-config="true" signature="setUp()[pri:0, instance:test.ScoreTest@76b1e9b8]" started-at="2021-04-29T23:19:19Z" name="setUp" finished-at="2021-04-29T23:19:33Z" duration-ms="13458" status="PASS">
          <reporter-output>
          </reporter-output>
        </test-method> <!-- setUp -->
        <test-method signature="verifyTeamLeague()[pri:0, instance:test.ScoreTest@76b1e9b8]" started-at="2021-04-29T23:19:33Z" name="verifyTeamLeague" finished-at="2021-04-29T23:20:52Z" duration-ms="79287" status="PASS">
          <reporter-output>
          </reporter-output>
        </test-method> <!-- verifyTeamLeague -->
        <test-method is-config="true" signature="tearDown()[pri:0, instance:test.ScoreTest@76b1e9b8]" started-at="2021-04-29T23:20:52Z" name="tearDown" finished-at="2021-04-29T23:20:53Z" duration-ms="1227" status="PASS">
          <reporter-output>
          </reporter-output>
        </test-method> <!-- tearDown -->
      </class> <!-- test.ScoreTest -->
    </test> <!-- Default test -->
  </suite> <!-- Default suite -->
</testng-results>
